<?xml version="1.0" encoding="UTF-8"?>
<!-- Generated by org.testng.reporters.JUnitReportReporter -->
<testsuite hostname="LTIN521709" failures="0" tests="1" name="POM_Examples.TestCaseClassForWithoutPageFactory" time="2.178" errors="0" timestamp="2025-01-13T17:45:32 IST" skipped="0">
  <testcase classname="POM_Examples.TestCaseClassForWithoutPageFactory" name="logIn" time="2.178"/>
  <system-out/>
</testsuite> <!-- POM_Examples.TestCaseClassForWithoutPageFactory -->
