<?xml version="1.0" encoding="UTF-8"?>
<!-- Generated by org.testng.reporters.JUnitReportReporter -->
<testsuite hostname="LTIN521709" failures="0" tests="2" name="GroupingConceptinTestNG.GroupingPayment" time="0.009" errors="0" timestamp="2025-01-09T11:59:38 IST" skipped="0">
  <testcase classname="GroupingConceptinTestNG.GroupingPayment" name="inRuppes" time="0.008"/>
  <system-out/>
  <testcase classname="GroupingConceptinTestNG.GroupingPayment" name="inDollars" time="0.001"/>
  <system-out/>
</testsuite> <!-- GroupingConceptinTestNG.GroupingPayment -->
