<?xml version="1.0" encoding="UTF-8"?>
<!-- Generated by org.testng.reporters.JUnitReportReporter -->
<testsuite hostname="LTIN521709" failures="0" tests="3" name="Test_NG.my_first_test_case_in_testNG" time="0.013" errors="0" timestamp="2025-01-06T12:33:50 IST" skipped="0">
  <testcase classname="Test_NG.my_first_test_case_in_testNG" name="openapp" time="0.007"/>
  <system-out/>
  <testcase classname="Test_NG.my_first_test_case_in_testNG" name="login" time="0.004"/>
  <system-out/>
  <testcase classname="Test_NG.my_first_test_case_in_testNG" name="logout" time="0.002"/>
  <system-out/>
</testsuite> <!-- Test_NG.my_first_test_case_in_testNG -->
