<?xml version="1.0" encoding="UTF-8"?>
<!-- Generated by org.testng.reporters.JUnitReportReporter -->
<testsuite hostname="LTIN521709" failures="0" tests="4" name="Test_NG.orange_hrm_class" time="24.048" errors="0" timestamp="2025-01-06T12:36:51 IST" skipped="0">
  <testcase classname="Test_NG.orange_hrm_class" name="openapp" time="13.812"/>
  <system-out/>
  <testcase classname="Test_NG.orange_hrm_class" name="testLogo" time="3.052"/>
  <system-out/>
  <testcase classname="Test_NG.orange_hrm_class" name="testLogin" time="3.239"/>
  <system-out/>
  <testcase classname="Test_NG.orange_hrm_class" name="testLogout" time="3.945"/>
  <system-out/>
</testsuite> <!-- Test_NG.orange_hrm_class -->
