<?xml version="1.0" encoding="UTF-8"?>
<!-- Generated by org.testng.reporters.JUnitReportReporter -->
<testsuite hostname="LTIN521709" failures="0" tests="2" name="Test_NG.BeforeMethod_AfterMethod" time="0.008" errors="0" timestamp="2025-01-06T14:21:31 IST" skipped="0">
  <testcase classname="Test_NG.BeforeMethod_AfterMethod" name="search" time="0.007"/>
  <system-out/>
  <testcase classname="Test_NG.BeforeMethod_AfterMethod" name="advncsearch" time="0.001"/>
  <system-out/>
</testsuite> <!-- Test_NG.BeforeMethod_AfterMethod -->
