<?xml version="1.0" encoding="UTF-8"?>
<!-- Generated by org.testng.reporters.JUnitReportReporter -->
<testsuite hostname="LTIN521709" failures="0" tests="3" name="GroupingConceptinTestNG.GroupingLogin" time="0.012" errors="0" timestamp="2025-01-09T12:02:05 IST" skipped="0">
  <testcase classname="GroupingConceptinTestNG.GroupingLogin" name="loginbyEmail" time="0.011"/>
  <system-out/>
  <testcase classname="GroupingConceptinTestNG.GroupingLogin" name="loginbyFb" time="0.001"/>
  <system-out/>
  <testcase classname="GroupingConceptinTestNG.GroupingLogin" name="loginbyphnno" time="0.000"/>
  <system-out/>
</testsuite> <!-- GroupingConceptinTestNG.GroupingLogin -->
