<?xml version="1.0" encoding="UTF-8"?>
<!-- Generated by org.testng.reporters.JUnitReportReporter -->
<testsuite hostname="LTIN521709" failures="0" tests="1" name="POM_Examples_Using_PageFactory.TestCaseClassForWithPageFactory" time="1.564" errors="0" timestamp="2025-01-15T12:25:04 IST" skipped="0">
  <testcase classname="POM_Examples_Using_PageFactory.TestCaseClassForWithPageFactory" name="logIn" time="1.564"/>
</testsuite> <!-- POM_Examples_Using_PageFactory.TestCaseClassForWithPageFactory -->
